app/build/outputs/logs/manifest-merger-debug-report.txt
-- Merging decision tree log ---
manifest
ADDED from src/main/AndroidManifest.xml:18:1-41:12
	package
		ADDED from src/main/AndroidManifest.xml:19:11-36
		INJECTED from src/main/AndroidManifest.xml
		INJECTED from src/main/AndroidManifest.xml
	android:versionName
		ADDED from src/main/AndroidManifest.xml:21:11-36
		INJECTED from src/main/AndroidManifest.xml
		INJECTED from src/main/AndroidManifest.xml
	android:versionCode
		ADDED from src/main/AndroidManifest.xml:20:11-34
		INJECTED from src/main/AndroidManifest.xml
		INJECTED from src/main/AndroidManifest.xml
	xmlns:android
		ADDED from src/main/AndroidManifest.xml:18:11-69
uses-sdk
ADDED from src/main/AndroidManifest.xml:23:1-40
	android:targetSdkVersion
		INJECTED from src/main/AndroidManifest.xml
		INJECTED from src/main/AndroidManifest.xml
	android:minSdkVersion
		ADDED from src/main/AndroidManifest.xml:23:11-37
		INJECTED from src/main/AndroidManifest.xml
		INJECTED from src/main/AndroidManifest.xml
uses-permission#android.permission.SET_DEBUG_APP
ADDED from src/main/AndroidManifest.xml:25:1-67
	android:name
		ADDED from src/main/AndroidManifest.xml:25:18-65
application
ADDED from src/main/AndroidManifest.xml:26:5-39:19
	android:label
		ADDED from src/main/AndroidManifest.xml:29:5-37
	android:supportsRtl
		ADDED from src/main/AndroidManifest.xml:30:5-31
	android:allowBackup
		ADDED from src/main/AndroidManifest.xml:27:5-31
	android:icon
		ADDED from src/main/AndroidManifest.xml:28:5-39
	android:theme
		ADDED from src/main/AndroidManifest.xml:31:5-36
activity#com.vulkan.demo.MainActivity
ADDED from src/main/AndroidManifest.xml:32:5-38:16
	android:name
		ADDED from src/main/AndroidManifest.xml:32:15-58
intent-filter#android.intent.action.MAIN+android.intent.category.LAUNCHER
ADDED from src/main/AndroidManifest.xml:33:5-37:21
action#android.intent.action.MAIN
ADDED from src/main/AndroidManifest.xml:34:5-57
	android:name
		ADDED from src/main/AndroidManifest.xml:34:13-54
category#android.intent.category.LAUNCHER
ADDED from src/main/AndroidManifest.xml:36:5-65
	android:name
		ADDED from src/main/AndroidManifest.xml:36:15-62